<?xml version="1.0" encoding="UTF-8" standalone="no"?>
<testsuite failures="0" name="cucumber.runtime.formatter.JUnitFormatter" skipped="0" tests="15" time="0.083783">
<testcase classname="comprar" name="The player is not for sale" time="0.079368">
<system-out><![CDATA[Given a <futboll player> and a <team id>....................................passed
When I press the "Comprar jugador" button AND the player is not for sale....passed
Then I should be able to not buy............................................passed
]]></system-out>
</testcase>
<testcase classname="comprar" name="The player does not exist" time="0.000087">
<system-out><![CDATA[Given a <futboll player> and a <team id>....................................passed
When I press the "Comprar jugador" button AND the player not exist..........passed
Then I should be able to not buy............................................passed
]]></system-out>
</testcase>
<testcase classname="comprar" name="Not having enough money" time="0.001204">
<system-out><![CDATA[Given a <futboll player> and a <team id>....................................passed
When I press the "Comprar jugador" button AND I don't have enough money.....passed
Then I should be able to not buy............................................passed
]]></system-out>
</testcase>
<testcase classname="comprar" name="Having enough money to buy a football player and the team there" time="0.001511">
<system-out><![CDATA[Given a <futboll player> and a <team id>....................................passed
When I press the "Comprar jugador" button AND I have enough money...........passed
Then I should be able to buy my money should be increased...................passed
]]></system-out>
</testcase>
<testcase classname="comprar" name="Having enough money to buy a football player but the team not exist" time="0.000103">
<system-out><![CDATA[Given a <futboll player> and a <team id>....................................passed
When I press the "Comprar jugador" button AND I have enough money but team not exist.passed
Then I should be able to not buy............................................passed
]]></system-out>
</testcase>
<testcase classname="login" name="main screen user" time="0.000312">
<system-out><![CDATA[Given a user "user" and password "password".................................passed
When <password> is empty and <user> is not empty............................passed
Then should let me not access...............................................passed
]]></system-out>
</testcase>
<testcase classname="login" name="main screen password" time="0.000169">
<system-out><![CDATA[Given a user "user" and password "password".................................passed
When <password> is not empty and user <user> is empty.......................passed
Then should let me not access...............................................passed
]]></system-out>
</testcase>
<testcase classname="login" name="user incorrect and password correct" time="0.000173">
<system-out><![CDATA[Given a user "user" and password "password".................................passed
When the <password> is valid and the <user> is invalid......................passed
Then should let me not access...............................................passed
]]></system-out>
</testcase>
<testcase classname="login" name="user and password are correct" time="0.000162">
<system-out><![CDATA[Given a user "user" and password "password".................................passed
When the <password> is valid and the <user> is valid........................passed
Then should let me access...................................................passed
]]></system-out>
</testcase>
<testcase classname="login" name="user correct and password incorrect" time="0.000138">
<system-out><![CDATA[Given a user "user" and password "password".................................passed
When the <password> is invalid and the <user> is valid......................passed
Then should let me not access...............................................passed
]]></system-out>
</testcase>
<testcase classname="vender" name="Sell a player and that player does not belong to the team" time="0.000209">
<system-out><![CDATA[Given a team and Player.....................................................passed
When I want to sell a player but does not belong to the team................passed
Then I can not put it on sale...............................................passed
]]></system-out>
</testcase>
<testcase classname="vender" name="Sell a player and that player not exist" time="0.000078">
<system-out><![CDATA[Given a team and Player.....................................................passed
When I want to sell a player, but that player does not exist................passed
Then I can not put it on sale...............................................passed
]]></system-out>
</testcase>
<testcase classname="vender" name="Sell a player and that player does belong to the team" time="0.000099">
<system-out><![CDATA[Given a team and Player.....................................................passed
When I want to sell a player and exists and belongs to the team.............passed
Then I can put it on sale...................................................passed
]]></system-out>
</testcase>
<testcase classname="vender" name="Sell a player and the player is already on sale" time="0.000079">
<system-out><![CDATA[Given a team and Player.....................................................passed
When I want to sell a player and is already sold............................passed
Then I can not put it on sale...............................................passed
]]></system-out>
</testcase>
<testcase classname="vender" name="Sell a player and the team to which it belongs does not exist" time="0.000091">
<system-out><![CDATA[Given a team and Player.....................................................passed
When I want to sell a player and the team to which it belongs does not exist.passed
Then I can not put it on sale...............................................passed
]]></system-out>
</testcase>
</testsuite>
