<?xml version="1.0" encoding="UTF-8" standalone="no"?>
<testsuite failures="0" name="cucumber.runtime.formatter.JUnitFormatter" skipped="24" tests="28" time="0">
<testcase classname="comprar" name="buy a player but the player has been bought by another" time="0">
<skipped><![CDATA[Given a <idPlayer>, <costPlayer> and <money> team...........................undefined
When I press the "Comprar jugador" button AND I don't have enough money.....undefined
Then should return <status> and money should be <remainingMoney>............undefined
]]></skipped>
</testcase>
<testcase classname="comprar" name="Buy a player not enough money and the player not exist" time="0">
<skipped><![CDATA[Given a <idPlayer>, <costPlayer> and <money> team...........................undefined
When I press the "Comprar jugador" button AND I don't have enough money.....undefined
Then should return <status> and money should be <remainingMoney>............undefined
]]></skipped>
</testcase>
<testcase classname="comprar" name="Buy a player not enough money and the player exist" time="0">
<skipped><![CDATA[Given a <idPlayer>, <costPlayer> and <money> team...........................undefined
When I press the "Comprar jugador" button AND I don't have enough money.....undefined
Then should return <status> and money should be <remainingMoney>............undefined
]]></skipped>
</testcase>
<testcase classname="comprar" name="Buy a player enough money and the player exist" time="0">
<skipped><![CDATA[Given a <idPlayer>, <costPlayer> and <money> team...........................undefined
When I press the "Comprar jugador" button AND I have enough money...........undefined
Then should return <status> and money should be <remainingMoney>............undefined
]]></skipped>
</testcase>
<testcase classname="comprar" name="Buy a player enough money but player not exist" time="0">
<skipped><![CDATA[Given a <idPlayer>, <costPlayer> and <money> team...........................undefined
When I press the "Comprar jugador" button AND I have enough money...........undefined
Then should return <status> and money should be <remainingMoney>............undefined
]]></skipped>
</testcase>
<testcase classname="login" name="introducir bien la contraseña y mal el usuario" time="0">
<skipped><![CDATA[Dado que he introducido el usuario <entrada_1> en el login..................undefined
Y que  he introducido la contraseña <entrada_2> en el login.................undefined
Cuando oprimo el <boton>....................................................undefined
Entonces el resultado debe ser <resultado> en la pantalla...................undefined
]]></skipped>
</testcase>
<testcase classname="login" name="main screen user" time="0">
<skipped><![CDATA[Given a user "user" and password "password".................................skipped
When "" is empty and "m" is not empty.......................................undefined
Then should return "access".................................................undefined
]]></skipped>
</testcase>
<testcase classname="login" name="main screen user 2" time="0">
<skipped><![CDATA[Given a user "user" and password "password".................................skipped
When "m" is empty and "" is not empty.......................................undefined
Then should return "access".................................................undefined
]]></skipped>
</testcase>
<testcase classname="login" name="main screen user 3" time="0">
<skipped><![CDATA[Given a user "user" and password "password".................................skipped
When "m" is empty and "m" is not empty......................................undefined
Then should return "access".................................................undefined
]]></skipped>
</testcase>
<testcase classname="login" name="main screen password" time="0">
<system-out><![CDATA[Given a user "user" and password "password".................................skipped
When <password> is not empty and user <user> is empty.......................skipped
Then should return <access>.................................................skipped
]]></system-out>
</testcase>
<testcase classname="login" name="user incorrect and password correct" time="0">
<system-out><![CDATA[Given a user "user" and password "password".................................skipped
When the <password> is valid and the <user> is invalid......................skipped
Then should return <access>.................................................skipped
]]></system-out>
</testcase>
<testcase classname="login" name="user and password are correct" time="0">
<system-out><![CDATA[Given a user "user" and password "password".................................skipped
When the <password> is valid and the <user> is valid........................skipped
Then should return <access>.................................................skipped
]]></system-out>
</testcase>
<testcase classname="login" name="user correct and password incorrect" time="0">
<system-out><![CDATA[Given a user "user" and password "password".................................skipped
When the <password> is invalid and the <user> is valid......................skipped
Then should return <access>.................................................skipped
]]></system-out>
</testcase>
<testcase classname="menu" name="See the team" time="0">
<skipped><![CDATA[Given the app menu..........................................................undefined
When I press the "Equipo" button............................................undefined
Then I can see the "Equipo" screen..........................................undefined
]]></skipped>
</testcase>
<testcase classname="menu" name="See calendario" time="0">
<skipped><![CDATA[Given the app menu..........................................................undefined
When I press the "Calendario" button........................................undefined
Then I can see the "Calendario" screen......................................undefined
]]></skipped>
</testcase>
<testcase classname="menu" name="See clasificacion" time="0">
<skipped><![CDATA[Given the app menu..........................................................undefined
When I press the "Clasificacion" button.....................................undefined
Then I can see the "Clasificacion" screen...................................undefined
]]></skipped>
</testcase>
<testcase classname="menu" name="See fichajes" time="0">
<skipped><![CDATA[Given the app menu..........................................................undefined
When I press the "Fichajes" button..........................................undefined
Then I can see the Fichajes screen..........................................undefined
]]></skipped>
</testcase>
<testcase classname="menu" name="Share" time="0">
<skipped><![CDATA[Given the app menu..........................................................undefined
When I press the "Comparte en Twitter" button...............................undefined
Then I can share my score...................................................undefined
]]></skipped>
</testcase>
<testcase classname="Team summary" name="not empty principal team" time="0">
<skipped><![CDATA[Given my user team..........................................................undefined
When I press the "Alineacion" button........................................undefined
Then I could see my principal team on screen................................undefined
]]></skipped>
</testcase>
<testcase classname="Team summary" name="empty team principal team" time="0">
<skipped><![CDATA[Given my empty user team....................................................undefined
When I presss the "Alineacion" button.......................................undefined
Then I could see nothing....................................................undefined
]]></skipped>
</testcase>
<testcase classname="Team summary" name="not empty reserve team" time="0">
<skipped><![CDATA[Given my user team..........................................................undefined
When I press the "Reservas" button..........................................undefined
Then I could see my reserve team on screen..................................undefined
]]></skipped>
</testcase>
<testcase classname="Team summary" name="empty team reserve team" time="0">
<skipped><![CDATA[Given my empty user team....................................................undefined
When I presss the "Reservas" button.........................................undefined
Then I could see nothing....................................................undefined
]]></skipped>
</testcase>
<testcase classname="Team summary" name="team score" time="0">
<skipped><![CDATA[Given my user team..........................................................undefined
When I press the "Datos" button.............................................undefined
Then I could see my score and money.........................................undefined
]]></skipped>
</testcase>
<testcase classname="vender" name="Sell a player and that player does not belong to the team" time="0">
<skipped><![CDATA[Given a <team> and <idPlayer>...............................................undefined
When I press the "Vender jugador" button....................................undefined
Then it will not appear on <mercado>........................................undefined
]]></skipped>
</testcase>
<testcase classname="vender" name="Sell a player and that player not exist" time="0">
<skipped><![CDATA[Given a <team> and <idPlayer>...............................................undefined
When I press the "Vender jugador" button....................................undefined
Then it will not appear on <mercado>........................................undefined
]]></skipped>
</testcase>
<testcase classname="vender" name="Sell a player and that player does belong to the team" time="0">
<skipped><![CDATA[Given a <team> and <idPlayer>...............................................undefined
When I press the "Vender jugador" button....................................undefined
Then it will appear on <mercado>............................................undefined
]]></skipped>
</testcase>
<testcase classname="vender" name="Sell a player and the player is already on sale" time="0">
<skipped><![CDATA[Given a <team> and <idPlayer>...............................................undefined
When I press the "Vender jugador" button....................................undefined
Then it will not appear on <mercado>........................................undefined
]]></skipped>
</testcase>
<testcase classname="vender" name="See players to sell" time="0">
<skipped><![CDATA[Given the menu..............................................................undefined
When I press the "Resumen de equipo" button.................................undefined
Then I can see the <mercado>................................................undefined
]]></skipped>
</testcase>
</testsuite>
